
> nx run blocks:build-storybook --outputDir=dist/storybook/blocks


>  NX  ui framework: @storybook/react


>  NX  Storybook builder starting ...

info => Cleaning outputDir: /Users/bespinosa/Web/bjeco/dist/storybook/blocks
info => Loading presets
info => Compiling manager..
info => Compiling preview..
info => Loading Nrwl React Storybook preset from "@nrwl/react/plugins/storybook"
info => Using default Webpack5 setup
info => Manager built (32 s)
info => Preview built (34 s)
WARN asset size limit: The following asset(s) exceed the recommended size limit (244 KiB).
WARN This can impact web performance.
WARN Assets: 
WARN   869.ee62a241.iframe.bundle.js (1.04 MiB)
WARN   115.d8059d61.iframe.bundle.js (601 KiB)
WARN   885.1d3cc28d.iframe.bundle.js (3.9 MiB)
WARN entrypoint size limit: The following entrypoint(s) combined asset size exceeds the recommended limit (244 KiB). This can impact web performance.
WARN Entrypoints:
WARN   main (3.92 MiB)
WARN       runtime~main.a5b33164.iframe.bundle.js
WARN       885.1d3cc28d.iframe.bundle.js
WARN       main.css
WARN       main.d2623e83.iframe.bundle.js
WARN 
info => Output directory: /Users/bespinosa/Web/bjeco/dist/storybook/blocks

>  NX  Storybook builder finished ...


>  NX  Storybook files available in dist/storybook/blocks


 

 >  NX   Successfully ran target build-storybook for project blocks


   See Nx Cloud run details at https://nx.app/runs/YSR3vbFoq1X

